[18-Oct-2022 08:58:51 UTC] PHP Parse error:  syntax error, unexpected '/', expecting function (T_FUNCTION) or const (T_CONST) in D:\xampp\htdocs\PTIT-Do-An-Tot-Nghiep\app\controllers\PatientBookingController.php on line 155
[18-Oct-2022 08:59:07 UTC] PHP Parse error:  syntax error, unexpected '?>', expecting function (T_FUNCTION) or const (T_CONST) in D:\xampp\htdocs\PTIT-Do-An-Tot-Nghiep\app\controllers\PatientBookingController.php on line 155
[18-Oct-2022 09:01:12 UTC] PHP Warning:  Use of undefined constant SERVICES - assumed 'SERVICES' (this will throw an Error in a future version of PHP) in D:\xampp\htdocs\PTIT-Do-An-Tot-Nghiep\app\controllers\PatientBookingController.php on line 60
[18-Oct-2022 09:01:12 UTC] PHP Warning:  Use of undefined constant SERVICES - assumed 'SERVICES' (this will throw an Error in a future version of PHP) in D:\xampp\htdocs\PTIT-Do-An-Tot-Nghiep\app\controllers\PatientBookingController.php on line 61
[18-Oct-2022 10:00:25 UTC] PHP Notice:  Undefined variable: required_field in D:\xampp\htdocs\PTIT-Do-An-Tot-Nghiep\app\controllers\PatientBookingController.php on line 165
[18-Oct-2022 10:00:25 UTC] PHP Warning:  Invalid argument supplied for foreach() in D:\xampp\htdocs\PTIT-Do-An-Tot-Nghiep\app\controllers\PatientBookingController.php on line 165
[18-Oct-2022 13:40:31 UTC] PHP Fatal error:  Uncaught Error: Call to undefined function isValidDate2() in D:\xampp\htdocs\PTIT-Do-An-Tot-Nghiep\app\controllers\PatientBookingController.php:263
Stack trace:
#0 D:\xampp\htdocs\PTIT-Do-An-Tot-Nghiep\app\controllers\PatientBookingController.php(34): PatientBookingController->save()
#1 D:\xampp\htdocs\PTIT-Do-An-Tot-Nghiep\app\core\App.php(611): PatientBookingController->process()
#2 D:\xampp\htdocs\PTIT-Do-An-Tot-Nghiep\index.php(72): App->process()
#3 {main}
  thrown in D:\xampp\htdocs\PTIT-Do-An-Tot-Nghiep\app\controllers\PatientBookingController.php on line 263
[18-Oct-2022 13:58:48 UTC] PHP Fatal error:  Uncaught Error: Call to undefined function isAppointmentTimeValid() in D:\xampp\htdocs\PTIT-Do-An-Tot-Nghiep\app\controllers\PatientBookingController.php:256
Stack trace:
#0 D:\xampp\htdocs\PTIT-Do-An-Tot-Nghiep\app\controllers\PatientBookingController.php(34): PatientBookingController->save()
#1 D:\xampp\htdocs\PTIT-Do-An-Tot-Nghiep\app\core\App.php(611): PatientBookingController->process()
#2 D:\xampp\htdocs\PTIT-Do-An-Tot-Nghiep\index.php(72): App->process()
#3 {main}
  thrown in D:\xampp\htdocs\PTIT-Do-An-Tot-Nghiep\app\controllers\PatientBookingController.php on line 256
[18-Oct-2022 13:58:56 UTC] PHP Notice:  Undefined variable: appointment_date in D:\xampp\htdocs\PTIT-Do-An-Tot-Nghiep\app\controllers\PatientBookingController.php on line 256
[18-Oct-2022 13:58:56 UTC] PHP Notice:  Undefined variable: appointment_time in D:\xampp\htdocs\PTIT-Do-An-Tot-Nghiep\app\controllers\PatientBookingController.php on line 266
[18-Oct-2022 13:58:56 UTC] PHP Notice:  Undefined variable: appointment_time in D:\xampp\htdocs\PTIT-Do-An-Tot-Nghiep\app\controllers\PatientBookingController.php on line 267
[18-Oct-2022 13:59:15 UTC] PHP Notice:  Undefined variable: date in D:\xampp\htdocs\PTIT-Do-An-Tot-Nghiep\app\controllers\PatientBookingController.php on line 270
[18-Oct-2022 13:59:15 UTC] PHP Notice:  Undefined variable: date in D:\xampp\htdocs\PTIT-Do-An-Tot-Nghiep\app\controllers\PatientBookingController.php on line 271
[18-Oct-2022 13:59:15 UTC] PHP Notice:  Undefined variable: date in D:\xampp\htdocs\PTIT-Do-An-Tot-Nghiep\app\controllers\PatientBookingController.php on line 272
[18-Oct-2022 14:00:27 UTC] PHP Notice:  Undefined variable: today in D:\xampp\htdocs\PTIT-Do-An-Tot-Nghiep\app\controllers\PatientBookingController.php on line 304
[18-Oct-2022 14:11:05 UTC] PHP Fatal error:  Uncaught Error: Call to undefined function is_empty() in D:\xampp\htdocs\PTIT-Do-An-Tot-Nghiep\app\controllers\PatientBookingController.php:243
Stack trace:
#0 D:\xampp\htdocs\PTIT-Do-An-Tot-Nghiep\app\controllers\PatientBookingController.php(34): PatientBookingController->save()
#1 D:\xampp\htdocs\PTIT-Do-An-Tot-Nghiep\app\core\App.php(611): PatientBookingController->process()
#2 D:\xampp\htdocs\PTIT-Do-An-Tot-Nghiep\index.php(72): App->process()
#3 {main}
  thrown in D:\xampp\htdocs\PTIT-Do-An-Tot-Nghiep\app\controllers\PatientBookingController.php on line 243
[18-Oct-2022 14:30:33 UTC] PHP Notice:  Undefined variable: output in D:\xampp\htdocs\PTIT-Do-An-Tot-Nghiep\app\controllers\PatientBookingController.php on line 371
[18-Oct-2022 14:50:32 UTC] PHP Notice:  Undefined variable: hour in D:\xampp\htdocs\PTIT-Do-An-Tot-Nghiep\app\controllers\PatientBookingController.php on line 397
[18-Oct-2022 14:50:32 UTC] PHP Notice:  Undefined variable: minute in D:\xampp\htdocs\PTIT-Do-An-Tot-Nghiep\app\controllers\PatientBookingController.php on line 399
[18-Oct-2022 15:11:53 UTC] PHP Parse error:  syntax error, unexpected ',', expecting variable (T_VARIABLE) or '{' or '$' in D:\xampp\htdocs\PTIT-Do-An-Tot-Nghiep\app\controllers\PatientBookingController.php on line 425
[18-Oct-2022 15:11:58 UTC] PHP Parse error:  syntax error, unexpected ',', expecting variable (T_VARIABLE) or '{' or '$' in D:\xampp\htdocs\PTIT-Do-An-Tot-Nghiep\app\controllers\PatientBookingController.php on line 425
[18-Oct-2022 15:53:30 UTC] PHP Fatal error:  Uncaught Error: Using $this when not in object context in D:\xampp\htdocs\PTIT-Do-An-Tot-Nghiep\app\helpers\common.helper.php:721
Stack trace:
#0 D:\xampp\htdocs\PTIT-Do-An-Tot-Nghiep\app\controllers\PatientBookingController.php(261): isAppointmentTimeValid('29-10-2022 20:0...')
#1 D:\xampp\htdocs\PTIT-Do-An-Tot-Nghiep\app\controllers\PatientBookingController.php(34): PatientBookingController->save()
#2 D:\xampp\htdocs\PTIT-Do-An-Tot-Nghiep\app\core\App.php(611): PatientBookingController->process()
#3 D:\xampp\htdocs\PTIT-Do-An-Tot-Nghiep\index.php(72): App->process()
#4 {main}
  thrown in D:\xampp\htdocs\PTIT-Do-An-Tot-Nghiep\app\helpers\common.helper.php on line 721
[18-Oct-2022 15:53:58 UTC] PHP Fatal error:  Uncaught Error: Using $this when not in object context in D:\xampp\htdocs\PTIT-Do-An-Tot-Nghiep\app\helpers\common.helper.php:721
Stack trace:
#0 D:\xampp\htdocs\PTIT-Do-An-Tot-Nghiep\app\controllers\PatientBookingController.php(261): isAppointmentTimeValid('29-10-2022 20:0...')
#1 D:\xampp\htdocs\PTIT-Do-An-Tot-Nghiep\app\controllers\PatientBookingController.php(34): PatientBookingController->save()
#2 D:\xampp\htdocs\PTIT-Do-An-Tot-Nghiep\app\core\App.php(611): PatientBookingController->process()
#3 D:\xampp\htdocs\PTIT-Do-An-Tot-Nghiep\index.php(72): App->process()
#4 {main}
  thrown in D:\xampp\htdocs\PTIT-Do-An-Tot-Nghiep\app\helpers\common.helper.php on line 721
[18-Oct-2022 16:17:13 UTC] PHP Parse error:  syntax error, unexpected '->' (T_OBJECT_OPERATOR) in D:\xampp\htdocs\PTIT-Do-An-Tot-Nghiep\app\controllers\PatientBookingController.php on line 275
[18-Oct-2022 23:17:30 Asia/Ho_Chi_Minh] PHP Notice:  Undefined variable: start in D:\xampp\htdocs\PTIT-Do-An-Tot-Nghiep\app\controllers\PatientBookingController.php on line 272
[18-Oct-2022 23:17:30 Asia/Ho_Chi_Minh] PHP Fatal error:  Uncaught Error: Call to undefined function size() in D:\xampp\htdocs\PTIT-Do-An-Tot-Nghiep\app\controllers\PatientBookingController.php:275
Stack trace:
#0 D:\xampp\htdocs\PTIT-Do-An-Tot-Nghiep\app\controllers\PatientBookingController.php(34): PatientBookingController->save()
#1 D:\xampp\htdocs\PTIT-Do-An-Tot-Nghiep\app\core\App.php(611): PatientBookingController->process()
#2 D:\xampp\htdocs\PTIT-Do-An-Tot-Nghiep\index.php(72): App->process()
#3 {main}
  thrown in D:\xampp\htdocs\PTIT-Do-An-Tot-Nghiep\app\controllers\PatientBookingController.php on line 275
[18-Oct-2022 23:17:56 Asia/Ho_Chi_Minh] PHP Notice:  Undefined variable: start in D:\xampp\htdocs\PTIT-Do-An-Tot-Nghiep\app\controllers\PatientBookingController.php on line 272
[18-Oct-2022 23:18:22 Asia/Ho_Chi_Minh] PHP Warning:  in_array() expects parameter 2 to be array, string given in D:\xampp\htdocs\PTIT-Do-An-Tot-Nghiep\app\controllers\PatientBookingController.php on line 272
[18-Oct-2022 16:20:45 UTC] PHP Parse error:  syntax error, unexpected ',' in D:\xampp\htdocs\PTIT-Do-An-Tot-Nghiep\app\controllers\PatientBookingController.php on line 277
[18-Oct-2022 16:20:56 UTC] PHP Parse error:  syntax error, unexpected ',' in D:\xampp\htdocs\PTIT-Do-An-Tot-Nghiep\app\controllers\PatientBookingController.php on line 277
[18-Oct-2022 16:21:03 UTC] PHP Deprecated:  The behavior of unparenthesized expressions containing both '.' and '+'/'-' will change in PHP 8: '+'/'-' will take a higher precedence in D:\xampp\htdocs\PTIT-Do-An-Tot-Nghiep\app\controllers\PatientBookingController.php on line 275
[18-Oct-2022 16:21:19 UTC] PHP Parse error:  syntax error, unexpected '\' (T_NS_SEPARATOR) in D:\xampp\htdocs\PTIT-Do-An-Tot-Nghiep\app\controllers\PatientBookingController.php on line 277
[18-Oct-2022 23:21:35 Asia/Ho_Chi_Minh] PHP Notice:  Array to string conversion in D:\xampp\htdocs\PTIT-Do-An-Tot-Nghiep\app\controllers\PatientBookingController.php on line 277
